<?xml version="1.0" encoding="UTF-8"?>
<coverage generated="1673353087527" clover="3.2.0">
  <project timestamp="1673353087527" name="All files">
    <metrics statements="9" coveredstatements="6" conditionals="2" coveredconditionals="0" methods="3" coveredmethods="2" elements="14" coveredelements="8" complexity="0" loc="9" ncloc="9" packages="1" files="1" classes="1"/>
    <file name="convert.js" path="C:\Workspace\ConvertMyMoney\lib\convert.js">
      <metrics statements="9" coveredstatements="6" conditionals="2" coveredconditionals="0" methods="3" coveredmethods="2"/>
      <line num="3" count="1" type="stmt"/>
      <line num="4" count="2" type="stmt"/>
      <line num="8" count="1" type="stmt"/>
      <line num="9" count="0" type="cond" truecount="0" falsecount="2"/>
      <line num="10" count="0" type="stmt"/>
      <line num="12" count="0" type="stmt"/>
      <line num="15" count="1" type="stmt"/>
      <line num="16" count="2" type="stmt"/>
      <line num="19" count="1" type="stmt"/>
    </file>
  </project>
</coverage>
